<?xml version="1.0" encoding="UTF-8"?>
<!-- Generated by org.testng.reporters.JUnitXMLReporter -->
<testsuite ignored="1" hostname="Pravalika" failures="0" tests="13" name="Test" time="25.864" errors="0" timestamp="2024-08-28T16:04:22 IST">
  <testcase classname="testNG.SampleTest" name="test0" time="0.014"/>
  <testcase classname="testNG.PrioritizeTests" name="demo5" time="0.002"/>
  <testcase classname="testNG.PrioritizeTests" name="demo4" time="0.002"/>
  <testcase classname="testNG.PrioritizeTests" name="demo3" time="0.002"/>
  <testcase classname="testNG.PrioritizeTests" name="demo1" time="0.002"/>
  <testcase classname="testNG.PrioritizeTests" name="demo2" time="0.002"/>
  <testcase classname="testNG.DependsOnMethodsTest" name="navigateToApp" time="18.725"/>
  <testcase classname="testNG.DependsOnMethodsTest" name="loginToApp" time="7.018"/>
  <testcase classname="testNG.InvocationCountTest" name="Demo1" time="0.001"/>
  <testcase classname="testNG.InvocationCountTest" name="Demo1" time="0.001"/>
  <testcase classname="testNG.InvocationCountTest" name="Demo2" time="0.001"/>
  <testcase classname="testNG.EnabledTest" name="demo2" time="0.001"/>
  <testcase classname="testNG.EnabledTest" name="demo3" time="0.001"/>
  <testcase classname="testNG.EnabledTest" name="demo4" time="0.0">
    <ignored/>
  </testcase> <!-- demo4 -->
</testsuite> <!-- Test -->
