<?xml version="1.0" encoding="UTF-8"?>
<!-- Generated by org.testng.reporters.JUnitXMLReporter -->
<testsuite ignored="0" hostname="Pravalika" failures="0" tests="8" name="TestRunner3" time="0.077" errors="0" timestamp="2024-08-27T15:19:39 IST">
  <testcase classname="distributionParallel.Test4" name="demo1" time="0.016"/>
  <testcase classname="distributionParallel.Test4" name="demo2" time="0.001"/>
  <testcase classname="distributionParallel.Test3" name="demo1" time="0.001"/>
  <testcase classname="distributionParallel.Test3" name="demo2" time="0.001"/>
  <testcase classname="distributionParallel.Test2" name="demo1" time="0.001"/>
  <testcase classname="distributionParallel.Test2" name="demo2" time="0.002"/>
  <testcase classname="distributionParallel.Test1" name="demo1" time="0.002"/>
  <testcase classname="distributionParallel.Test1" name="demo2" time="0.0"/>
</testsuite> <!-- TestRunner3 -->
