<?xml version="1.0" encoding="UTF-8"?>
<!-- Generated by org.testng.reporters.JUnitXMLReporter -->
<testsuite ignored="0" hostname="Pravalika" failures="2" tests="6" name="TestRunner2" time="0.107" errors="0" timestamp="2024-08-28T16:18:52 IST">
  <testcase classname="distributionParallel.Test4" name="demo1" time="0.02"/>
  <testcase classname="distributionParallel.Test4" name="demo2" time="0.005">
    <failure type="java.lang.AssertionError" message="null">
      <![CDATA[java.lang.AssertionError: null
at distributionParallel.Test4.demo2(Test4.java:17)
at java.base/java.util.ArrayList.forEach(ArrayList.java:1511)
at java.base/java.util.concurrent.FutureTask.run(FutureTask.java:264)
at java.base/java.util.concurrent.ThreadPoolExecutor.runWorker(ThreadPoolExecutor.java:1136)
at java.base/java.util.concurrent.ThreadPoolExecutor$Worker.run(ThreadPoolExecutor.java:635)
at java.base/java.lang.Thread.run(Thread.java:842)
... Removed 20 stack frames]]>
    </failure>
  </testcase> <!-- demo2 -->
  <testcase classname="distributionParallel.Test3" name="demo1" time="0.001"/>
  <testcase classname="distributionParallel.Test3" name="demo2" time="0.001"/>
  <testcase classname="distributionParallel.Test6" name="demo1" time="0.002">
    <failure type="java.lang.AssertionError" message="null">
      <![CDATA[java.lang.AssertionError: null
at distributionParallel.Test6.demo1(Test6.java:12)
at java.base/java.util.ArrayList.forEach(ArrayList.java:1511)
at java.base/java.util.concurrent.FutureTask.run(FutureTask.java:264)
at java.base/java.util.concurrent.ThreadPoolExecutor.runWorker(ThreadPoolExecutor.java:1136)
at java.base/java.util.concurrent.ThreadPoolExecutor$Worker.run(ThreadPoolExecutor.java:635)
at java.base/java.lang.Thread.run(Thread.java:842)
... Removed 20 stack frames]]>
    </failure>
  </testcase> <!-- demo1 -->
  <testcase classname="distributionParallel.Test6" name="demo2" time="0.003"/>
</testsuite> <!-- TestRunner2 -->
