<?xml version="1.0" encoding="UTF-8"?>
<!-- Generated by org.testng.reporters.JUnitXMLReporter -->
<testsuite ignored="0" hostname="Pravalika" failures="1" tests="6" name="TestRunner1" time="0.108" errors="0" timestamp="2024-08-28T16:18:52 IST">
  <testcase classname="distributionParallel.Test5" name="demo1" time="0.02"/>
  <testcase classname="distributionParallel.Test5" name="demo2" time="0.002"/>
  <testcase classname="distributionParallel.Test2" name="demo1" time="0.001">
    <failure type="java.lang.AssertionError" message="null">
      <![CDATA[java.lang.AssertionError: null
at distributionParallel.Test2.demo1(Test2.java:14)
at java.base/java.util.ArrayList.forEach(ArrayList.java:1511)
at java.base/java.util.concurrent.FutureTask.run(FutureTask.java:264)
at java.base/java.util.concurrent.ThreadPoolExecutor.runWorker(ThreadPoolExecutor.java:1136)
at java.base/java.util.concurrent.ThreadPoolExecutor$Worker.run(ThreadPoolExecutor.java:635)
at java.base/java.lang.Thread.run(Thread.java:842)
... Removed 20 stack frames]]>
    </failure>
  </testcase> <!-- demo1 -->
  <testcase classname="distributionParallel.Test2" name="demo2" time="0.002"/>
  <testcase classname="distributionParallel.Test1" name="demo1" time="0.001"/>
  <testcase classname="distributionParallel.Test1" name="demo2" time="0.003"/>
</testsuite> <!-- TestRunner1 -->
