<?xml version="1.0" encoding="UTF-8"?>
<!-- Generated by org.testng.reporters.JUnitXMLReporter -->
<testsuite ignored="1" hostname="Pravalika" failures="0" tests="1" name="TestRunner1(failed)" time="0.07" errors="0" timestamp="2024-08-28T16:20:29 IST">
  <testcase classname="distributionParallel.Test2" name="demo1" time="0.014"/>
  <testcase classname="distributionParallel.Test2" name="demo2" time="0.0">
    <ignored/>
  </testcase> <!-- demo2 -->
</testsuite> <!-- TestRunner1(failed) -->
