<?xml version="1.0" encoding="UTF-8"?>
<!-- Generated by org.testng.reporters.JUnitXMLReporter -->
<testsuite ignored="2" hostname="Pravalika" failures="0" tests="2" name="TestRunner2(failed)" time="0.07" errors="0" timestamp="2024-08-28T16:20:29 IST">
  <testcase classname="distributionParallel.Test4" name="demo2" time="0.014"/>
  <testcase classname="distributionParallel.Test6" name="demo1" time="0.002"/>
  <testcase classname="distributionParallel.Test4" name="demo1" time="0.0">
    <ignored/>
  </testcase> <!-- demo1 -->
  <testcase classname="distributionParallel.Test6" name="demo2" time="0.0">
    <ignored/>
  </testcase> <!-- demo2 -->
</testsuite> <!-- TestRunner2(failed) -->
